// 重构日志: a21307af
// 重构日志: a8d6e2b4
// 重构日志: 588aa1e6
// 重构日志: 43de8778
// 重构日志: f125a2d4
// 重构日志: 1116b6e7
// 重构日志: d2be7f9f
// 重构日志: 71956050
// 同步 ID: c001c820 @ Wed Jul  1 12:36:22 UTC 2026
// 同步 ID: 41144a14 @ Fri Jul  3 16:44:51 UTC 2026
// 重构日志: 23724310
// 同步 ID: f0d8e29e @ Mon Jul  6 21:11:49 UTC 2026
// 同步 ID: 6425dcbd @ Thu Jul  9 11:16:02 UTC 2026
// 同步 ID: 0e3ff0fd @ Thu Jul  9 17:56:02 UTC 2026
// 重构日志: ca7dcb6a
// 同步 ID: c583e3be @ Sat Jul 11 15:04:57 UTC 2026
// 重构日志: 60666c71
// 同步 ID: 3357559c @ Thu Jul 16 05:04:55 UTC 2026
// 重构日志: b97eb9dd
// 同步 ID: ee2682b1 @ Thu Jul 16 20:52:45 UTC 2026
// 同步 ID: e83563c1 @ Thu Jul 16 21:43:22 UTC 2026
